
<!DOCTYPE html>
<html>


<head>
	<meta charset='UTF-8' /> 
	<meta name='description' content='' />
	<meta name='robots' content='noodp, noydir' />
	<meta name='viewport' content='width=device-width, initial-scale=1' />
	<meta id="timeStampFormat" name="timeStampFormat" content='MMM d, yyyy hh:mm:ss a'/>
	
	<link href='https://fonts.googleapis.com/css?family=Source+Sans+Pro:400,600' rel='stylesheet' type='text/css'>
	<link href="https://fonts.googleapis.com/icon?family=Material+Icons" rel="stylesheet">

		<link href='https://cdn.rawgit.com/anshooarora/extentreports-java/b4a58fcfd1e137bd9287244035a7c80d3d73b3af/dist/css/extent.css' type='text/css' rel='stylesheet' />
	
	<title>NopCommerce - Cucumber Framework</title>

	<style type='text/css'>
			
            

      
        
	</style>
</head>

	<body class='extent dark default hide-overflow bdd-report'>
		<div id='theme-selector' alt='Click to toggle theme. To enable by default, use theme configuration.' title='Click to toggle theme. To enable by default, use theme configuration.'>
			<span><i class='material-icons'>desktop_windows</i></span>
		</div>

<nav>
	<div class="nav-wrapper">
		<a href="#!" class="brand-logo blue darken-3">Extent</a>

		<!-- slideout menu -->
		<ul id='slide-out' class='side-nav fixed hide-on-med-and-down'>
			<li class='waves-effect active'><a href='#!' view='test-view' onclick="configureView(0);chartsView('test');"><i class='material-icons'>dashboard</i></a></li>
						<li class='waves-effect'><a href='#!' view='category-view' onclick="configureView(1)"><i class='material-icons'>label_outline</i></a></li>
			<li class='waves-effect'><a href='#!' view='exception-view' onclick="configureView(2)"><i class='material-icons'>bug_report</i></a></li>
			<li class='waves-effect'><a href='#!' onclick="configureView(-1);chartsView('dashboard');" view='dashboard-view'><i class='material-icons'>track_changes</i></i></a></li>
		</ul>

		<!-- report name -->
		<span class='report-name'>Cucumber Report</span>
		
		<!-- report headline -->
		<span class='report-headline'></span>

		<!-- nav-right -->
		<ul id='nav-mobile' class='right hide-on-med-and-down nav-right'>
			<li>
                <a href='#!'>
                    <span class='label suite-start-time blue darken-3'>Dec 20, 2022 11:24:12 AM</span>
				</a>
			</li>
			<li>
                <a href='#!'>
                    <span class='label blue darken-3'>3.1.2</span>
				</a>
			</li>
		</ul>
	</div>
</nav>

		<!-- container -->
		<div class='container'>

<div id='test-view' class='view'>
				
	<section id='controls'>
		<div class='controls grey lighten-4'>
			<!-- test toggle -->
			<div class='chip transparent'>
				<a class='dropdown-button tests-toggle' data-activates='tests-toggle' data-constrainwidth='true' data-beloworigin='true' data-hover='true' href='#'>
					<i class='material-icons'>warning</i> Status
				</a>
				<ul id='tests-toggle' class='dropdown-content'>
											<li status='pass'><a href='#!'>Pass <i class='material-icons green-text'>check_circle</i></a></li>
						<li status='fail'><a href='#!'>Fail <i class='material-icons red-text'>cancel</i></a></li>
						<li status='skip'><a href='#!'>Skip <i class='material-icons cyan-text'>redo</i></a></li>
					<li class='divider'></li>
					<li status='clear' clear='true'><a href='#!'>Clear Filters <i class='material-icons'>clear</i></a></li>
				</ul>
			</div>
			<!-- test toggle -->

			<!-- category toggle -->
			<div class='chip transparent'>
				<a class='dropdown-button category-toggle' data-activates='category-toggle' data-constrainwidth='false' data-beloworigin='true' data-hover='true' href='#'>
					<i class='material-icons'>local_offer</i> Category
				</a>
				<ul id='category-toggle' class='dropdown-content'>
					<li><a href='#'>@regression</a></li>
					<li><a href='#'>@Sanity</a></li>
					<li><a href='#'>@smoke</a></li>
					<li><a href='#'>@sanity</a></li>
					<li class='divider'></li>
					<li class='clear'><a href='#!' clear='true'>Clear Filters</a></li>
				</ul>
			</div>
			<!-- category toggle -->

			<!-- clear filters -->
			<div class='chip transparent hide'>
				<a class='' id='clear-filters' alt='Clear Filters' title='Clear Filters'>
					<i class='material-icons'>close</i> Clear
				</a>
			</div>
			<!-- clear filters -->

			<!-- enable dashboard -->
			<div id='toggle-test-view-charts' class='chip transparent'>
				<a class='pink-text' id='enable-dashboard' alt='Enable Dashboard' title='Enable Dashboard'>
					<i class='material-icons'>track_changes</i> Dashboard
				</a>
			</div>
			<!-- enable dashboard -->

			<!-- search -->
			<div class='chip transparent' alt='Search Tests' title='Search Tests'>
				<a href="#" class='search-div'>
					<i class='material-icons'>search</i> Search
				</a>

				<div class='input-field left hide'>
					<input id='search-tests' type='text' class='validate browser-default' placeholder='Search Tests...'>
				</div>
				
			</div>
			<!-- search -->
		</div>
	</section>


<div id='test-view-charts' class='subview-full'>
	<div id='charts-row' class='row nm-v nm-h'>
		<div class='col s12 m4 l4 np-h'>
			<div class='card-panel nm-v'>
				<div class='left panel-name'>Features</div>
				<div class='chart-box'>
					<canvas id='parent-analysis' width='100' height='80'></canvas>
				</div>
				<div class='block text-small'>
					<span class='tooltipped' data-position='top' data-tooltip='33.333%'><span class='strong'>1</span> feature(s) passed</span>
				</div>
				<div class='block text-small'>
					<span class='strong tooltipped' data-position='top' data-tooltip='66.667%'>2</span> feature(s) failed, <span class='strong tooltipped' data-position='top' data-tooltip='0%'>0</span> others
				</div>
			</div>
		</div>
		
		<div class='col s12 m4 l4 np-h'>
			<div class='card-panel nm-v'>
				<div class='left panel-name'>Scenarios</div>
				<div class='chart-box'>
					<canvas id='child-analysis' width='100' height='80'></canvas>
				</div>
				<div class='block text-small'>
					<span class='tooltipped' data-position='top' data-tooltip='55.556%'><span class='strong'>10</span> scenario(s) passed</span>
				</div>
				<div class='block text-small'>
					<span class='strong tooltipped' data-position='top' data-tooltip='44.444%'>8</span> scenario(s) failed, <span class='strong tooltipped' data-position='top' data-tooltip='0%'>0</span> others
				</div>
			</div>
		</div>
		
		<div class='col s12 m4 l4 np-h'>
			<div class='card-panel nm-v'>
				<div class='left panel-name'>Steps</div>
				<div class='chart-box'>
					<canvas id='grandchild-analysis' width='100' height='80'></canvas>
				</div>
				<div class='block text-small'>
					<span class='tooltipped' data-position='top' data-tooltip='87.85%'><span class='strong'>94</span> step(s) passed</span>
				</div>
				<div class='block text-small'>
					<span class='strong tooltipped' data-position='top' data-tooltip='7.477%'>8</span> step(s) failed, <span class='strong tooltipped' data-position='top' data-tooltip='4.673%'>5</span> others
				</div>
			</div>
		</div>
	</div>
</div>

	<div class='subview-left left'>
		
		<div class='view-summary'>
			<h5>Features</h5>
			<ul id='test-collection' class='test-collection'>
				
				
				<li class='test displayed active has-leaf pass' status='pass' bdd='true' test-id='1'>
					<div class='test-heading'>
						<span class='test-name'>Computer Test</span>
						<span class='test-time'>Dec 20, 2022 11:24:12 AM</span>
						<span class='test-status right pass'>pass</span>
					</div>
					<div class='test-content hide'>
<div class='scenario node' test-id='2' status='pass'>
	<span class='duration right label'>0h 0m 5s+503ms</span>
	<div class='desc'>
		<b>Scenario</b>
		<span class="desc-text">User should navigate to computer page successfully</span>
	</div>
	<ul class='steps'>
		<li test-id='3' class='node given pass' status='pass'>
			
			<b>Given</b>
			
			<span class="bdd-step-name">Given I am on homepage</span>
				<div class='pre'>passed</div>
			
		</li>
		<li test-id='4' class='node when pass' status='pass'>
			
			<b>When</b>
			
			<span class="bdd-step-name">When I click on Computer tab</span>
				<div class='pre'>passed</div>
			
		</li>
		<li test-id='5' class='node then pass' status='pass'>
			
			<b>Then</b>
			
			<span class="bdd-step-name">Then I should navigate to computer page successfully</span>
				<div class='pre'>passed</div>
			
		</li>
	</ul>
</div>
<div class='scenario node' test-id='6' status='pass'>
	<div class='category-list'>
		<span class='category label white-text'>@Sanity</span>
	</div>
	<span class='duration right label'>0h 0m 3s+844ms</span>
	<div class='desc'>
		<b>Scenario</b>
		<span class="desc-text">Verify user should navigate to desktop page successfully</span>
	</div>
	<ul class='steps'>
		<li test-id='7' class='node given pass' status='pass'>
			
			<b>Given</b>
			
			<span class="bdd-step-name">Given I am on homepage</span>
				<div class='pre'>passed</div>
			
		</li>
		<li test-id='8' class='node when pass' status='pass'>
			
			<b>When</b>
			
			<span class="bdd-step-name">When I click on Computer tab</span>
				<div class='pre'>passed</div>
			
		</li>
		<li test-id='9' class='node and pass' status='pass'>
			
			<b>And</b>
			
			<span class="bdd-step-name">And I click on Desktops link</span>
				<div class='pre'>passed</div>
			
		</li>
		<li test-id='10' class='node then pass' status='pass'>
			
			<b>Then</b>
			
			<span class="bdd-step-name">Then I should navigate to Desktops page successfully</span>
				<div class='pre'>passed</div>
			
		</li>
	</ul>
</div>
<div class='scenariooutline node' test-id='11' status='pass'>
	<span class='duration right label'>0h 0m 18s+671ms</span>
	<div class='desc'>
		<b>ScenarioOutline</b>
		<span class="desc-text">Verify that user should build you own computer and add them to cart successfully</span>
	</div>
	<ul class='steps'>
		<li test-id='12' class='node scenario pass' status='pass'>
			<div class='category-list'>
				<span class='category label white-text'>@regression</span>
			</div>
			
			<b>Scenario</b>
			
			<span class="bdd-step-name">Verify that user should build you own computer and add them to cart successfully</span>
			
				<ul class='steps'>
					<li test-id='13' class='node given pass' status='pass'><b>Given</b>
						<span class="bdd-step-name">Given I am on homepage</span>
							<div class='pre'>passed</div>
					</li>
					<li test-id='14' class='node when pass' status='pass'><b>When</b>
						<span class="bdd-step-name">When I click on Computer tab</span>
							<div class='pre'>passed</div>
					</li>
					<li test-id='15' class='node and pass' status='pass'><b>And</b>
						<span class="bdd-step-name">And I click on Desktops link</span>
							<div class='pre'>passed</div>
					</li>
					<li test-id='16' class='node and pass' status='pass'><b>And</b>
						<span class="bdd-step-name">And I click on product name Build your own computer</span>
							<div class='pre'>passed</div>
					</li>
					<li test-id='17' class='node and pass' status='pass'><b>And</b>
						<span class="bdd-step-name">And I select processor "2.2 GHz Intel Pentium Dual-Core E2200"</span>
							<div class='pre'>passed</div>
					</li>
					<li test-id='18' class='node and pass' status='pass'><b>And</b>
						<span class="bdd-step-name">And I select ram "2 GB"</span>
							<div class='pre'>passed</div>
					</li>
					<li test-id='19' class='node and pass' status='pass'><b>And</b>
						<span class="bdd-step-name">And I select hdd "320 GB"</span>
							<div class='pre'>passed</div>
					</li>
					<li test-id='20' class='node and pass' status='pass'><b>And</b>
						<span class="bdd-step-name">And I select OS "Vista Home [+$50.00]"</span>
							<div class='pre'>passed</div>
					</li>
					<li test-id='21' class='node and pass' status='pass'><b>And</b>
						<span class="bdd-step-name">And I select Software "Microsoft Office [+$50.00]"</span>
							<div class='pre'>passed</div>
					</li>
					<li test-id='22' class='node and pass' status='pass'><b>And</b>
						<span class="bdd-step-name">And I click on add to cart button</span>
							<div class='pre'>passed</div>
					</li>
					<li test-id='23' class='node then pass' status='pass'><b>Then</b>
						<span class="bdd-step-name">Then I should see product has been added to your shopping cart confirmation message</span>
							<div class='pre'>passed</div>
					</li>
				</ul>
		</li>
		<li test-id='24' class='node scenario pass' status='pass'>
			<div class='category-list'>
				<span class='category label white-text'>@regression</span>
			</div>
			
			<b>Scenario</b>
			
			<span class="bdd-step-name">Verify that user should build you own computer and add them to cart successfully</span>
			
				<ul class='steps'>
					<li test-id='25' class='node given pass' status='pass'><b>Given</b>
						<span class="bdd-step-name">Given I am on homepage</span>
							<div class='pre'>passed</div>
					</li>
					<li test-id='26' class='node when pass' status='pass'><b>When</b>
						<span class="bdd-step-name">When I click on Computer tab</span>
							<div class='pre'>passed</div>
					</li>
					<li test-id='27' class='node and pass' status='pass'><b>And</b>
						<span class="bdd-step-name">And I click on Desktops link</span>
							<div class='pre'>passed</div>
					</li>
					<li test-id='28' class='node and pass' status='pass'><b>And</b>
						<span class="bdd-step-name">And I click on product name Build your own computer</span>
							<div class='pre'>passed</div>
					</li>
					<li test-id='29' class='node and pass' status='pass'><b>And</b>
						<span class="bdd-step-name">And I select processor "2.5 GHz Intel Pentium Dual-Core E2200 [+$15.00]"</span>
							<div class='pre'>passed</div>
					</li>
					<li test-id='30' class='node and pass' status='pass'><b>And</b>
						<span class="bdd-step-name">And I select ram "4GB [+$20.00]"</span>
							<div class='pre'>passed</div>
					</li>
					<li test-id='31' class='node and pass' status='pass'><b>And</b>
						<span class="bdd-step-name">And I select hdd "400 GB [+$100.00]"</span>
							<div class='pre'>passed</div>
					</li>
					<li test-id='32' class='node and pass' status='pass'><b>And</b>
						<span class="bdd-step-name">And I select OS "Vista Premium [+$60.00]"</span>
							<div class='pre'>passed</div>
					</li>
					<li test-id='33' class='node and pass' status='pass'><b>And</b>
						<span class="bdd-step-name">And I select Software "Acrobat Reader [+$10.00]"</span>
							<div class='pre'>passed</div>
					</li>
					<li test-id='34' class='node and pass' status='pass'><b>And</b>
						<span class="bdd-step-name">And I click on add to cart button</span>
							<div class='pre'>passed</div>
					</li>
					<li test-id='35' class='node then pass' status='pass'><b>Then</b>
						<span class="bdd-step-name">Then I should see product has been added to your shopping cart confirmation message</span>
							<div class='pre'>passed</div>
					</li>
				</ul>
		</li>
		<li test-id='36' class='node scenario pass' status='pass'>
			<div class='category-list'>
				<span class='category label white-text'>@regression</span>
			</div>
			
			<b>Scenario</b>
			
			<span class="bdd-step-name">Verify that user should build you own computer and add them to cart successfully</span>
			
				<ul class='steps'>
					<li test-id='37' class='node given pass' status='pass'><b>Given</b>
						<span class="bdd-step-name">Given I am on homepage</span>
							<div class='pre'>passed</div>
					</li>
					<li test-id='38' class='node when pass' status='pass'><b>When</b>
						<span class="bdd-step-name">When I click on Computer tab</span>
							<div class='pre'>passed</div>
					</li>
					<li test-id='39' class='node and pass' status='pass'><b>And</b>
						<span class="bdd-step-name">And I click on Desktops link</span>
							<div class='pre'>passed</div>
					</li>
					<li test-id='40' class='node and pass' status='pass'><b>And</b>
						<span class="bdd-step-name">And I click on product name Build your own computer</span>
							<div class='pre'>passed</div>
					</li>
					<li test-id='41' class='node and pass' status='pass'><b>And</b>
						<span class="bdd-step-name">And I select processor "2.5 GHz Intel Pentium Dual-Core E2200 [+$15.00]"</span>
							<div class='pre'>passed</div>
					</li>
					<li test-id='42' class='node and pass' status='pass'><b>And</b>
						<span class="bdd-step-name">And I select ram "8GB [+$60.00]"</span>
							<div class='pre'>passed</div>
					</li>
					<li test-id='43' class='node and pass' status='pass'><b>And</b>
						<span class="bdd-step-name">And I select hdd "320 GB"</span>
							<div class='pre'>passed</div>
					</li>
					<li test-id='44' class='node and pass' status='pass'><b>And</b>
						<span class="bdd-step-name">And I select OS "Vista Home [+$50.00]"</span>
							<div class='pre'>passed</div>
					</li>
					<li test-id='45' class='node and pass' status='pass'><b>And</b>
						<span class="bdd-step-name">And I select Software "Total Commander [+$5.00]"</span>
							<div class='pre'>passed</div>
					</li>
					<li test-id='46' class='node and pass' status='pass'><b>And</b>
						<span class="bdd-step-name">And I click on add to cart button</span>
							<div class='pre'>passed</div>
					</li>
					<li test-id='47' class='node then pass' status='pass'><b>Then</b>
						<span class="bdd-step-name">Then I should see product has been added to your shopping cart confirmation message</span>
							<div class='pre'>passed</div>
					</li>
				</ul>
		</li>
	</ul>
</div>
					</div>
				</li>
				
				
				<li class='test displayed active has-leaf fail' status='fail' bdd='true' test-id='48'>
					<div class='test-heading'>
						<span class='test-name'>Login Test</span>
						<span class='test-time'>Dec 20, 2022 11:24:42 AM</span>
						<span class='test-status right fail'>fail</span>
					</div>
					<div class='test-content hide'>
<div class='scenario node' test-id='49' status='pass'>
	<div class='category-list'>
		<span class='category label white-text'>@smoke</span>
	</div>
	<span class='duration right label'>0h 0m 3s+723ms</span>
	<div class='desc'>
		<b>Scenario</b>
		<span class="desc-text">User should navigate to login page successfully</span>
	</div>
	<ul class='steps'>
		<li test-id='50' class='node given pass' status='pass'>
			
			<b>Given</b>
			
			<span class="bdd-step-name">Given I am on homepage</span>
				<div class='pre'>passed</div>
			
		</li>
		<li test-id='51' class='node when pass' status='pass'>
			
			<b>When</b>
			
			<span class="bdd-step-name">When I click on login link</span>
				<div class='pre'>passed</div>
			
		</li>
		<li test-id='52' class='node then pass' status='pass'>
			
			<b>Then</b>
			
			<span class="bdd-step-name">Then I should navigate to login page successfully</span>
				<div class='pre'>passed</div>
			
		</li>
	</ul>
</div>
<div class='scenariooutline node' test-id='53' status='pass'>
	<span class='duration right label'>0h 0m 13s+876ms</span>
	<div class='desc'>
		<b>ScenarioOutline</b>
		<span class="desc-text">Verify the error message with invalid credentials</span>
	</div>
	<ul class='steps'>
		<li test-id='54' class='node scenario pass' status='pass'>
			<div class='category-list'>
				<span class='category label white-text'>@regression</span>
				<span class='category label white-text'>@sanity</span>
			</div>
			
			<b>Scenario</b>
			
			<span class="bdd-step-name">Verify the error message with invalid credentials</span>
			
				<ul class='steps'>
					<li test-id='55' class='node given pass' status='pass'><b>Given</b>
						<span class="bdd-step-name">Given I am on homepage</span>
							<div class='pre'>passed</div>
					</li>
					<li test-id='56' class='node when pass' status='pass'><b>When</b>
						<span class="bdd-step-name">When I click on login link</span>
							<div class='pre'>passed</div>
					</li>
					<li test-id='57' class='node and pass' status='pass'><b>And</b>
						<span class="bdd-step-name">And I enter email "abcd123@gmail.com"</span>
							<div class='pre'>passed</div>
					</li>
					<li test-id='58' class='node and pass' status='pass'><b>And</b>
						<span class="bdd-step-name">And I enter password "xyz123"</span>
							<div class='pre'>passed</div>
					</li>
					<li test-id='59' class='node and pass' status='pass'><b>And</b>
						<span class="bdd-step-name">And I click on login button</span>
							<div class='pre'>passed</div>
					</li>
					<li test-id='60' class='node then pass' status='pass'><b>Then</b>
						<span class="bdd-step-name">Then I should besee the error message "Login was unsuccessful. Please correct the errors and try again.
No customer account found"</span>
							<div class='pre'>passed</div>
					</li>
				</ul>
		</li>
		<li test-id='61' class='node scenario pass' status='pass'>
			<div class='category-list'>
				<span class='category label white-text'>@regression</span>
				<span class='category label white-text'>@sanity</span>
			</div>
			
			<b>Scenario</b>
			
			<span class="bdd-step-name">Verify the error message with invalid credentials</span>
			
				<ul class='steps'>
					<li test-id='62' class='node given pass' status='pass'><b>Given</b>
						<span class="bdd-step-name">Given I am on homepage</span>
							<div class='pre'>passed</div>
					</li>
					<li test-id='63' class='node when pass' status='pass'><b>When</b>
						<span class="bdd-step-name">When I click on login link</span>
							<div class='pre'>passed</div>
					</li>
					<li test-id='64' class='node and pass' status='pass'><b>And</b>
						<span class="bdd-step-name">And I enter email "xyz123@gmail.com"</span>
							<div class='pre'>passed</div>
					</li>
					<li test-id='65' class='node and pass' status='pass'><b>And</b>
						<span class="bdd-step-name">And I enter password "abc123"</span>
							<div class='pre'>passed</div>
					</li>
					<li test-id='66' class='node and pass' status='pass'><b>And</b>
						<span class="bdd-step-name">And I click on login button</span>
							<div class='pre'>passed</div>
					</li>
					<li test-id='67' class='node then pass' status='pass'><b>Then</b>
						<span class="bdd-step-name">Then I should besee the error message "Login was unsuccessful. Please correct the errors and try again.
No customer account found"</span>
							<div class='pre'>passed</div>
					</li>
				</ul>
		</li>
		<li test-id='68' class='node scenario pass' status='pass'>
			<div class='category-list'>
				<span class='category label white-text'>@regression</span>
				<span class='category label white-text'>@sanity</span>
			</div>
			
			<b>Scenario</b>
			
			<span class="bdd-step-name">Verify the error message with invalid credentials</span>
			
				<ul class='steps'>
					<li test-id='69' class='node given pass' status='pass'><b>Given</b>
						<span class="bdd-step-name">Given I am on homepage</span>
							<div class='pre'>passed</div>
					</li>
					<li test-id='70' class='node when pass' status='pass'><b>When</b>
						<span class="bdd-step-name">When I click on login link</span>
							<div class='pre'>passed</div>
					</li>
					<li test-id='71' class='node and pass' status='pass'><b>And</b>
						<span class="bdd-step-name">And I enter email "adfafasd@gmail.com"</span>
							<div class='pre'>passed</div>
					</li>
					<li test-id='72' class='node and pass' status='pass'><b>And</b>
						<span class="bdd-step-name">And I enter password "xyz123"</span>
							<div class='pre'>passed</div>
					</li>
					<li test-id='73' class='node and pass' status='pass'><b>And</b>
						<span class="bdd-step-name">And I click on login button</span>
							<div class='pre'>passed</div>
					</li>
					<li test-id='74' class='node then pass' status='pass'><b>Then</b>
						<span class="bdd-step-name">Then I should besee the error message "Login was unsuccessful. Please correct the errors and try again.
No customer account found"</span>
							<div class='pre'>passed</div>
					</li>
				</ul>
		</li>
	</ul>
</div>
<div class='scenario node' test-id='75' status='fail'>
	<span class='duration right label'>0h 0m 32s+334ms</span>
	<div class='desc'>
		<b>Scenario</b>
		<span class="desc-text">User should login successfully with valid credentials</span>
	</div>
	<ul class='steps'>
		<li test-id='76' class='node given pass' status='pass'>
			
			<b>Given</b>
			
			<span class="bdd-step-name">Given I am on homepage</span>
				<div class='pre'>passed</div>
			
		</li>
		<li test-id='77' class='node when pass' status='pass'>
			
			<b>When</b>
			
			<span class="bdd-step-name">When I click on login link</span>
				<div class='pre'>passed</div>
			
		</li>
		<li test-id='78' class='node and pass' status='pass'>
			
			<b>And</b>
			
			<span class="bdd-step-name">And I enter email "primeeight@gmail.com"</span>
				<div class='pre'>passed</div>
			
		</li>
		<li test-id='79' class='node and pass' status='pass'>
			
			<b>And</b>
			
			<span class="bdd-step-name">And I enter password "abc123"</span>
				<div class='pre'>passed</div>
			
		</li>
		<li test-id='80' class='node and pass' status='pass'>
			
			<b>And</b>
			
			<span class="bdd-step-name">And I click on login button</span>
				<div class='pre'>passed</div>
			
		</li>
		<li test-id='81' class='node then fail' status='fail'>
			
			<b>Then</b>
			
			<span class="bdd-step-name">Then I should see logout link is display</span>
				<div class='pre'><pre>org.openqa.selenium.WebDriverException: disconnected: unable to send message to renderer
  (failed to check if window was closed: disconnected: unable to connect to renderer)
  (Session info: chrome=108.0.5359.125)
Build info: version: '4.6.0', revision: '79f1c02ae20'
System info: os.name: 'Windows 10', os.arch: 'amd64', os.version: '10.0', java.version: '1.8.0_121'
Driver info: org.openqa.selenium.chrome.ChromeDriver
Command: [07b9582bd561fbb0b8ee151be58a3541, findElement {using=xpath, value=//a[normalize-space()='Log out']}]
Capabilities {acceptInsecureCerts: false, browserName: chrome, browserVersion: 108.0.5359.125, chrome: {chromedriverVersion: 108.0.5359.71 (1e0e3868ee06..., userDataDir: C:\Users\vagad\AppData\Loca...}, goog:chromeOptions: {debuggerAddress: localhost:59563}, networkConnectionEnabled: false, pageLoadStrategy: normal, platformName: WINDOWS, proxy: Proxy(), se:cdp: ws://localhost:59563/devtoo..., se:cdpVersion: 108.0.5359.125, setWindowRect: true, strictFileInteractability: false, timeouts: {implicit: 0, pageLoad: 300000, script: 30000}, unhandledPromptBehavior: dismiss and notify, webauthn:extension:credBlob: true, webauthn:extension:largeBlob: true, webauthn:virtualAuthenticators: true}
Session ID: 07b9582bd561fbb0b8ee151be58a3541
	at sun.reflect.NativeConstructorAccessorImpl.newInstance0(Native Method)
	at sun.reflect.NativeConstructorAccessorImpl.newInstance(NativeConstructorAccessorImpl.java:62)
	at sun.reflect.DelegatingConstructorAccessorImpl.newInstance(DelegatingConstructorAccessorImpl.java:45)
	at java.lang.reflect.Constructor.newInstance(Constructor.java:423)
	at org.openqa.selenium.remote.codec.w3c.W3CHttpResponseCodec.createException(W3CHttpResponseCodec.java:200)
	at org.openqa.selenium.remote.codec.w3c.W3CHttpResponseCodec.decode(W3CHttpResponseCodec.java:133)
	at org.openqa.selenium.remote.codec.w3c.W3CHttpResponseCodec.decode(W3CHttpResponseCodec.java:53)
	at org.openqa.selenium.remote.HttpCommandExecutor.execute(HttpCommandExecutor.java:184)
	at org.openqa.selenium.remote.service.DriverCommandExecutor.invokeExecute(DriverCommandExecutor.java:167)
	at org.openqa.selenium.remote.service.DriverCommandExecutor.execute(DriverCommandExecutor.java:142)
	at org.openqa.selenium.remote.RemoteWebDriver.execute(RemoteWebDriver.java:541)
	at org.openqa.selenium.remote.ElementLocation$ElementFinder$2.findElement(ElementLocation.java:162)
	at org.openqa.selenium.remote.ElementLocation.findElement(ElementLocation.java:60)
	at org.openqa.selenium.remote.RemoteWebDriver.findElement(RemoteWebDriver.java:365)
	at org.openqa.selenium.remote.RemoteWebDriver.findElement(RemoteWebDriver.java:357)
	at org.openqa.selenium.support.pagefactory.DefaultElementLocator.findElement(DefaultElementLocator.java:70)
	at org.openqa.selenium.support.pagefactory.internal.LocatingElementHandler.invoke(LocatingElementHandler.java:39)
	at com.sun.proxy.$Proxy23.isDisplayed(Unknown Source)
	at com.nopcommerce.demo.pages.HomePage.isLogOutLinkDisplay(HomePage.java:75)
	at com.nopcommerce.demo.cucumber.steps.LoginSteps.iShouldSeeLogoutLinkIsDisplay(LoginSteps.java:53)
	at ✽.Then I should see logout link is display(login.feature:32)
</pre></div>
			
		</li>
	</ul>
</div>
<div class='scenario node' test-id='82' status='pass'>
	<span class='duration right label'>0h 0m 5s+383ms</span>
	<div class='desc'>
		<b>Scenario</b>
		<span class="desc-text">User should Out Successfully</span>
	</div>
	<ul class='steps'>
		<li test-id='83' class='node given pass' status='pass'>
			
			<b>Given</b>
			
			<span class="bdd-step-name">Given I am on homepage</span>
				<div class='pre'>passed</div>
			
		</li>
		<li test-id='84' class='node when pass' status='pass'>
			
			<b>When</b>
			
			<span class="bdd-step-name">When I click on login link</span>
				<div class='pre'>passed</div>
			
		</li>
		<li test-id='85' class='node and pass' status='pass'>
			
			<b>And</b>
			
			<span class="bdd-step-name">And I enter email "primeeight@gmail.com"</span>
				<div class='pre'>passed</div>
			
		</li>
		<li test-id='86' class='node and pass' status='pass'>
			
			<b>And</b>
			
			<span class="bdd-step-name">And I enter password "abc123"</span>
				<div class='pre'>passed</div>
			
		</li>
		<li test-id='87' class='node and pass' status='pass'>
			
			<b>And</b>
			
			<span class="bdd-step-name">And I click on login button</span>
				<div class='pre'>passed</div>
			
		</li>
		<li test-id='88' class='node then pass' status='pass'>
			
			<b>Then</b>
			
			<span class="bdd-step-name">Then I should see logIn link is display</span>
				<div class='pre'>passed</div>
			
		</li>
	</ul>
</div>
					</div>
				</li>
				
				
				<li class='test displayed active has-leaf fail' status='fail' bdd='true' test-id='89'>
					<div class='test-heading'>
						<span class='test-name'>Login Test</span>
						<span class='test-time'>Dec 20, 2022 11:26:12 AM</span>
						<span class='test-status right fail'>fail</span>
					</div>
					<div class='test-content hide'>
<div class='scenario node' test-id='90' status='fail'>
	<div class='category-list'>
		<span class='category label white-text'>@smoke</span>
	</div>
	<span class='duration right label'>0h 0m 3s+872ms</span>
	<div class='desc'>
		<b>Scenario</b>
		<span class="desc-text">User should navigate to register page successfully</span>
	</div>
	<ul class='steps'>
		<li test-id='91' class='node given pass' status='pass'>
			
			<b>Given</b>
			
			<span class="bdd-step-name">Given I am on homepage</span>
				<div class='pre'>passed</div>
			
		</li>
		<li test-id='92' class='node when pass' status='pass'>
			
			<b>When</b>
			
			<span class="bdd-step-name">When I click on register link</span>
				<div class='pre'>passed</div>
			
		</li>
		<li test-id='93' class='node then fail' status='fail'>
			
			<b>Then</b>
			
			<span class="bdd-step-name">Then I should see "Register" text</span>
			<ul class='screenshots right'>
				<li><a data-featherlight="image" href="C:\Users\vagad\IdeaProjects\com-nopcommerce-demo-cucumber-anisha/src/main/java/com/nopcommerce/demo/screenshots/User_should_navigate_to_register_page_successfully20221220112616.png"><i class='material-icons'>panorama</i></a></li>
			</ul>
				<div class='pre'><pre>cucumber.runtime.CucumberException: Arity mismatch: Step Definition 'com.nopcommerce.demo.cucumber.steps.RegisterSteps.iShouldSeeText() in file:/C:/Users/vagad/IdeaProjects/com-nopcommerce-demo-cucumber-anisha/target/test-classes/' with pattern [^I should see "([^"]*)" text$] is declared with 0 parameters. However, the gherkin step has 1 arguments [Register]. 
Step: Then I should see "Register" text
	at cucumber.runtime.StepDefinitionMatch.arityMismatch(StepDefinitionMatch.java:102)
	at cucumber.runtime.StepDefinitionMatch.transformedArgs(StepDefinitionMatch.java:60)
	at cucumber.runtime.StepDefinitionMatch.runStep(StepDefinitionMatch.java:37)
	at cucumber.runtime.Runtime.runStep(Runtime.java:300)
	at cucumber.runtime.model.StepContainer.runStep(StepContainer.java:44)
	at cucumber.runtime.model.StepContainer.runSteps(StepContainer.java:39)
	at cucumber.runtime.model.CucumberScenario.run(CucumberScenario.java:44)
	at cucumber.runtime.junit.ExecutionUnitRunner.run(ExecutionUnitRunner.java:102)
	at cucumber.runtime.junit.FeatureRunner.runChild(FeatureRunner.java:63)
	at cucumber.runtime.junit.FeatureRunner.runChild(FeatureRunner.java:18)
	at org.junit.runners.ParentRunner$3.run(ParentRunner.java:238)
	at org.junit.runners.ParentRunner$1.schedule(ParentRunner.java:63)
	at org.junit.runners.ParentRunner.runChildren(ParentRunner.java:236)
	at org.junit.runners.ParentRunner.access$000(ParentRunner.java:53)
	at org.junit.runners.ParentRunner$2.evaluate(ParentRunner.java:229)
	at org.junit.runners.ParentRunner.run(ParentRunner.java:309)
	at cucumber.runtime.junit.FeatureRunner.run(FeatureRunner.java:70)
	at cucumber.api.junit.Cucumber.runChild(Cucumber.java:95)
	at cucumber.api.junit.Cucumber.runChild(Cucumber.java:38)
	at org.junit.runners.ParentRunner$3.run(ParentRunner.java:238)
	at org.junit.runners.ParentRunner$1.schedule(ParentRunner.java:63)
	at org.junit.runners.ParentRunner.runChildren(ParentRunner.java:236)
	at org.junit.runners.ParentRunner.access$000(ParentRunner.java:53)
	at org.junit.runners.ParentRunner$2.evaluate(ParentRunner.java:229)
	at org.junit.internal.runners.statements.RunAfters.evaluate(RunAfters.java:27)
	at org.junit.runners.ParentRunner.run(ParentRunner.java:309)
	at cucumber.api.junit.Cucumber.run(Cucumber.java:100)
	at org.junit.runner.JUnitCore.run(JUnitCore.java:160)
	at com.intellij.junit4.JUnit4IdeaTestRunner.startRunnerWithArgs(JUnit4IdeaTestRunner.java:69)
	at com.intellij.rt.junit.IdeaTestRunner$Repeater$1.execute(IdeaTestRunner.java:38)
	at com.intellij.rt.execution.junit.TestsRepeater.repeat(TestsRepeater.java:11)
	at com.intellij.rt.junit.IdeaTestRunner$Repeater.startRunnerWithArgs(IdeaTestRunner.java:35)
	at com.intellij.rt.junit.JUnitStarter.prepareStreamsAndStart(JUnitStarter.java:235)
	at com.intellij.rt.junit.JUnitStarter.main(JUnitStarter.java:54)
</pre></div>
			
		</li>
	</ul>
</div>
<div class='scenariooutline node' test-id='94' status='fail'>
	<span class='duration right label'>0h 0m 20s+419ms</span>
	<div class='desc'>
		<b>ScenarioOutline</b>
		<span class="desc-text">Verify that firstname lastname email password and confirm password fields are mandatory</span>
	</div>
	<ul class='steps'>
		<li test-id='95' class='node scenario fail' status='fail'>
			<div class='category-list'>
				<span class='category label white-text'>@regression</span>
				<span class='category label white-text'>@sanity</span>
			</div>
			
			<b>Scenario</b>
			
			<span class="bdd-step-name">Verify that firstname lastname email password and confirm password fields are mandatory</span>
			
				<ul class='steps'>
					<li test-id='96' class='node given pass' status='pass'><b>Given</b>
						<span class="bdd-step-name">Given I am on homepage</span>
							<div class='pre'>passed</div>
					</li>
					<li test-id='97' class='node when pass' status='pass'><b>When</b>
						<span class="bdd-step-name">When I click on register link</span>
							<div class='pre'>passed</div>
					</li>
					<li test-id='98' class='node and pass' status='pass'><b>And</b>
						<span class="bdd-step-name">And I click on register button</span>
							<div class='pre'>passed</div>
					</li>
					<li test-id='99' class='node then fail' status='fail'><b>Then</b>
						<span class="bdd-step-name">Then I should see the error message "First name is required." for fieldName "FirstName"</span>
						<ul class='screenshots right'>
							<li><a data-featherlight="image" href="C:\Users\vagad\IdeaProjects\com-nopcommerce-demo-cucumber-anisha/src/main/java/com/nopcommerce/demo/screenshots/Verify_that_firstname_lastname_email_password_and_confirm_password_fields_are_mandatory20221220112620.png"><i class='material-icons'>panorama</i></a></li>
						</ul>
							<div class='pre'><textarea>java.lang.AssertionError: error message is not displayed expected:<null> but was:<FirstName>
	at org.junit.Assert.fail(Assert.java:88)
	at org.junit.Assert.failNotEquals(Assert.java:743)
	at org.junit.Assert.assertEquals(Assert.java:118)
	at com.nopcommerce.demo.cucumber.steps.RegisterSteps.iShouldSeeTheErrorMessageForFieldName(RegisterSteps.java:33)
	at ✽.Then I should see the error message "First name is required." for fieldName "FirstName"(register.feature:16)
</textarea></div>
					</li>
				</ul>
		</li>
		<li test-id='100' class='node scenario fail' status='fail'>
			<div class='category-list'>
				<span class='category label white-text'>@regression</span>
				<span class='category label white-text'>@sanity</span>
			</div>
			
			<b>Scenario</b>
			
			<span class="bdd-step-name">Verify that firstname lastname email password and confirm password fields are mandatory</span>
			
				<ul class='steps'>
					<li test-id='101' class='node given pass' status='pass'><b>Given</b>
						<span class="bdd-step-name">Given I am on homepage</span>
							<div class='pre'>passed</div>
					</li>
					<li test-id='102' class='node when pass' status='pass'><b>When</b>
						<span class="bdd-step-name">When I click on register link</span>
							<div class='pre'>passed</div>
					</li>
					<li test-id='103' class='node and pass' status='pass'><b>And</b>
						<span class="bdd-step-name">And I click on register button</span>
							<div class='pre'>passed</div>
					</li>
					<li test-id='104' class='node then fail' status='fail'><b>Then</b>
						<span class="bdd-step-name">Then I should see the error message "Last name is required." for fieldName "LastName"</span>
						<ul class='screenshots right'>
							<li><a data-featherlight="image" href="C:\Users\vagad\IdeaProjects\com-nopcommerce-demo-cucumber-anisha/src/main/java/com/nopcommerce/demo/screenshots/Verify_that_firstname_lastname_email_password_and_confirm_password_fields_are_mandatory20221220112625.png"><i class='material-icons'>panorama</i></a></li>
						</ul>
							<div class='pre'><textarea>java.lang.AssertionError: error message is not displayed expected:<null> but was:<LastName>
	at org.junit.Assert.fail(Assert.java:88)
	at org.junit.Assert.failNotEquals(Assert.java:743)
	at org.junit.Assert.assertEquals(Assert.java:118)
	at com.nopcommerce.demo.cucumber.steps.RegisterSteps.iShouldSeeTheErrorMessageForFieldName(RegisterSteps.java:33)
	at ✽.Then I should see the error message "Last name is required." for fieldName "LastName"(register.feature:16)
</textarea></div>
					</li>
				</ul>
		</li>
		<li test-id='105' class='node scenario fail' status='fail'>
			<div class='category-list'>
				<span class='category label white-text'>@regression</span>
				<span class='category label white-text'>@sanity</span>
			</div>
			
			<b>Scenario</b>
			
			<span class="bdd-step-name">Verify that firstname lastname email password and confirm password fields are mandatory</span>
			
				<ul class='steps'>
					<li test-id='106' class='node given pass' status='pass'><b>Given</b>
						<span class="bdd-step-name">Given I am on homepage</span>
							<div class='pre'>passed</div>
					</li>
					<li test-id='107' class='node when pass' status='pass'><b>When</b>
						<span class="bdd-step-name">When I click on register link</span>
							<div class='pre'>passed</div>
					</li>
					<li test-id='108' class='node and pass' status='pass'><b>And</b>
						<span class="bdd-step-name">And I click on register button</span>
							<div class='pre'>passed</div>
					</li>
					<li test-id='109' class='node then fail' status='fail'><b>Then</b>
						<span class="bdd-step-name">Then I should see the error message "Email is required." for fieldName "Email"</span>
						<ul class='screenshots right'>
							<li><a data-featherlight="image" href="C:\Users\vagad\IdeaProjects\com-nopcommerce-demo-cucumber-anisha/src/main/java/com/nopcommerce/demo/screenshots/Verify_that_firstname_lastname_email_password_and_confirm_password_fields_are_mandatory20221220112629.png"><i class='material-icons'>panorama</i></a></li>
						</ul>
							<div class='pre'><textarea>java.lang.AssertionError: error message is not displayed expected:<null> but was:<Email>
	at org.junit.Assert.fail(Assert.java:88)
	at org.junit.Assert.failNotEquals(Assert.java:743)
	at org.junit.Assert.assertEquals(Assert.java:118)
	at com.nopcommerce.demo.cucumber.steps.RegisterSteps.iShouldSeeTheErrorMessageForFieldName(RegisterSteps.java:33)
	at ✽.Then I should see the error message "Email is required." for fieldName "Email"(register.feature:16)
</textarea></div>
					</li>
				</ul>
		</li>
		<li test-id='110' class='node scenario fail' status='fail'>
			<div class='category-list'>
				<span class='category label white-text'>@regression</span>
				<span class='category label white-text'>@sanity</span>
			</div>
			
			<b>Scenario</b>
			
			<span class="bdd-step-name">Verify that firstname lastname email password and confirm password fields are mandatory</span>
			
				<ul class='steps'>
					<li test-id='111' class='node given pass' status='pass'><b>Given</b>
						<span class="bdd-step-name">Given I am on homepage</span>
							<div class='pre'>passed</div>
					</li>
					<li test-id='112' class='node when pass' status='pass'><b>When</b>
						<span class="bdd-step-name">When I click on register link</span>
							<div class='pre'>passed</div>
					</li>
					<li test-id='113' class='node and pass' status='pass'><b>And</b>
						<span class="bdd-step-name">And I click on register button</span>
							<div class='pre'>passed</div>
					</li>
					<li test-id='114' class='node then fail' status='fail'><b>Then</b>
						<span class="bdd-step-name">Then I should see the error message "Password is required." for fieldName "Password"</span>
						<ul class='screenshots right'>
							<li><a data-featherlight="image" href="C:\Users\vagad\IdeaProjects\com-nopcommerce-demo-cucumber-anisha/src/main/java/com/nopcommerce/demo/screenshots/Verify_that_firstname_lastname_email_password_and_confirm_password_fields_are_mandatory20221220112634.png"><i class='material-icons'>panorama</i></a></li>
						</ul>
							<div class='pre'><textarea>java.lang.AssertionError: error message is not displayed expected:<null> but was:<Password>
	at org.junit.Assert.fail(Assert.java:88)
	at org.junit.Assert.failNotEquals(Assert.java:743)
	at org.junit.Assert.assertEquals(Assert.java:118)
	at com.nopcommerce.demo.cucumber.steps.RegisterSteps.iShouldSeeTheErrorMessageForFieldName(RegisterSteps.java:33)
	at ✽.Then I should see the error message "Password is required." for fieldName "Password"(register.feature:16)
</textarea></div>
					</li>
				</ul>
		</li>
		<li test-id='115' class='node scenario fail' status='fail'>
			<div class='category-list'>
				<span class='category label white-text'>@regression</span>
				<span class='category label white-text'>@sanity</span>
			</div>
			
			<b>Scenario</b>
			
			<span class="bdd-step-name">Verify that firstname lastname email password and confirm password fields are mandatory</span>
			
				<ul class='steps'>
					<li test-id='116' class='node given pass' status='pass'><b>Given</b>
						<span class="bdd-step-name">Given I am on homepage</span>
							<div class='pre'>passed</div>
					</li>
					<li test-id='117' class='node when pass' status='pass'><b>When</b>
						<span class="bdd-step-name">When I click on register link</span>
							<div class='pre'>passed</div>
					</li>
					<li test-id='118' class='node and pass' status='pass'><b>And</b>
						<span class="bdd-step-name">And I click on register button</span>
							<div class='pre'>passed</div>
					</li>
					<li test-id='119' class='node then fail' status='fail'><b>Then</b>
						<span class="bdd-step-name">Then I should see the error message "Password is required." for fieldName "ConfirmPassword"</span>
						<ul class='screenshots right'>
							<li><a data-featherlight="image" href="C:\Users\vagad\IdeaProjects\com-nopcommerce-demo-cucumber-anisha/src/main/java/com/nopcommerce/demo/screenshots/Verify_that_firstname_lastname_email_password_and_confirm_password_fields_are_mandatory20221220112637.png"><i class='material-icons'>panorama</i></a></li>
						</ul>
							<div class='pre'><textarea>java.lang.AssertionError: error message is not displayed expected:<null> but was:<ConfirmPassword>
	at org.junit.Assert.fail(Assert.java:88)
	at org.junit.Assert.failNotEquals(Assert.java:743)
	at org.junit.Assert.assertEquals(Assert.java:118)
	at com.nopcommerce.demo.cucumber.steps.RegisterSteps.iShouldSeeTheErrorMessageForFieldName(RegisterSteps.java:33)
	at ✽.Then I should see the error message "Password is required." for fieldName "ConfirmPassword"(register.feature:16)
</textarea></div>
					</li>
				</ul>
		</li>
	</ul>
</div>
<div class='scenariooutline node' test-id='120' status='fail'>
	<span class='duration right label'>0h 0m 23s+420ms</span>
	<div class='desc'>
		<b>ScenarioOutline</b>
		<span class="desc-text">User should create account successfully</span>
	</div>
	<ul class='steps'>
		<li test-id='121' class='node scenario fail' status='fail'>
			<div class='category-list'>
				<span class='category label white-text'>@regression</span>
			</div>
			
			<b>Scenario</b>
			
			<span class="bdd-step-name">User should create account successfully</span>
			
				<ul class='steps'>
					<li test-id='122' class='node given pass' status='pass'><b>Given</b>
						<span class="bdd-step-name">Given I am on homepage</span>
							<div class='pre'>passed</div>
					</li>
					<li test-id='123' class='node when pass' status='pass'><b>When</b>
						<span class="bdd-step-name">When I click on register link</span>
							<div class='pre'>passed</div>
					</li>
					<li test-id='124' class='node and pass' status='pass'><b>And</b>
						<span class="bdd-step-name">And I select gender"Female"</span>
							<div class='pre'>passed</div>
					</li>
					<li test-id='125' class='node and pass' status='pass'><b>And</b>
						<span class="bdd-step-name">And I enter firstname "Anna"</span>
							<div class='pre'>passed</div>
					</li>
					<li test-id='126' class='node and pass' status='pass'><b>And</b>
						<span class="bdd-step-name">And I enter lastname "Smith"</span>
							<div class='pre'>passed</div>
					</li>
					<li test-id='127' class='node and fail' status='fail'><b>And</b>
						<span class="bdd-step-name">And I select date of birth  "10""october""1990"</span>
							<div class='pre'><pre>org.openqa.selenium.NoSuchElementException: Cannot locate option with text: october
For documentation on this error, please visit: https://selenium.dev/exceptions/#no_such_element
Build info: version: '4.6.0', revision: '79f1c02ae20'
System info: os.name: 'Windows 10', os.arch: 'amd64', os.version: '10.0', java.version: '1.8.0_121'
Driver info: driver.version: unknown
	at org.openqa.selenium.support.ui.Select.selectByVisibleText(Select.java:153)
	at com.nopcommerce.demo.utility.Utility.selectByVisibleTextFromDropDown(Utility.java:145)
	at com.nopcommerce.demo.pages.RegisterPage.selectDateOfBirth(RegisterPage.java:108)
	at com.nopcommerce.demo.cucumber.steps.RegisterSteps.iSelectDateOfBirth(RegisterSteps.java:59)
	at ✽.And I select date of birth  "10""october""1990"(register.feature:32)
</pre></div>
					</li>
					<li test-id='128' class='node and skip' status='skip'><b>And</b>
						<span class="bdd-step-name">And I enter random email "<email>"</span>
							<div class='pre'>skipped</div>
					</li>
					<li test-id='129' class='node and skip' status='skip'><b>And</b>
						<span class="bdd-step-name">And I enter password "abc123"</span>
							<div class='pre'>skipped</div>
					</li>
					<li test-id='130' class='node and skip' status='skip'><b>And</b>
						<span class="bdd-step-name">And I enter confirm password "abc123"</span>
							<div class='pre'>skipped</div>
					</li>
					<li test-id='131' class='node and skip' status='skip'><b>And</b>
						<span class="bdd-step-name">And I click on register button</span>
							<div class='pre'>skipped</div>
					</li>
					<li test-id='132' class='node then skip' status='skip'><b>Then</b>
						<span class="bdd-step-name">Then I should see registration confirmation message</span>
						<ul class='screenshots right'>
							<li><a data-featherlight="image" href="C:\Users\vagad\IdeaProjects\com-nopcommerce-demo-cucumber-anisha/src/main/java/com/nopcommerce/demo/screenshots/User_should_create_account_successfully20221220112701.png"><i class='material-icons'>panorama</i></a></li>
						</ul>
							<div class='pre'>skipped</div>
					</li>
				</ul>
		</li>
	</ul>
</div>
					</div>
				</li>
			</ul>
		</div>
	</div>
	<!-- subview left -->

	<div class='subview-right left'>
		<div class='view-summary'>
			<h5 class='test-name'></h5>

			<div id='step-filters' class="right">
				<span class="blue-text" status="info" alt="info" title="info"><i class="material-icons">info_outline</i></span>
				<span class="green-text" status="pass" alt="pass" title="pass"><i class="material-icons">check_circle</i></span>
				<span class="red-text" status="fail" alt="fail" title="fail"><i class="material-icons">cancel</i></span>
				<span class="red-text text-darken-4" status="fatal" alt="fatal" title="fatal"><i class="material-icons">cancel</i></span>
				<span class="pink-text text-lighten-1" status="error" alt="error" title="error"><i class="material-icons">error</i></span>
				<span class="orange-text" alt="warning" status="warning" title="warning"><i class="material-icons">warning</i></span>
				<span class="teal-text" status="skip" alt="skip" title="skip"><i class="material-icons">redo</i></span>
				<span status="clear" alt="Clear filters" title="Clear filters"><i class="material-icons">clear</i></span>
			</div>
		</div>
	</div>
	<!-- subview right -->

</div>
<!-- test view -->
<div id='category-view' class='view hide'>

	<section id='controls'>
		<div class='controls grey lighten-4'>
			<!-- search -->
			<div class='chip transparent' alt='Search Tests' title='Search Tests'>
				<a href="#" class='search-div'>
					<i class='material-icons'>search</i> Search
				</a>
				
				<div class='input-field left hide'>
					<input id='search-tests' type='text' class='validate browser-default' placeholder='Search Tests...'>
				</div>
				
			</div>
			<!-- search -->
		</div>
	</section>

	<div class='subview-left left'>
		
		<div class='view-summary'>
			<h5>Categories</h3>
			<ul id='category-collection' class='category-collection'>
				
				<li class='category displayed active'>
					<div class='category-heading'>
						<span class='category-name'>@regression</span>
						<span class='category-status right'>
							<span class='label pass'>7</span>
							<span class='label fail'>8</span>
						</span>
					</div>
					<div class='category-content hide'>
						<div class='category-status-counts'>
							<span class='label green accent-4 white-text'>Passed: 7</span>
							<span class='label red lighten-1 white-text'>Failed: 8</span>
							
						</div>
					
						<div class='category-tests'>
							<table class='bordered table-results'>
								<thead>
									<tr>
										<th>Timestamp</th>
										<th>TestName</th>
										<th>Status</th>
									</tr>
								</thead>
								<tbody>
									<tr>
										<td>Dec 20, 2022 11:24:12 AM</td>
										<td class='linked' test-id='1'>Computer Test</td>
										<td><span class='test-status pass'>pass</span></td>
									</tr>
									<tr>
										<td>Dec 20, 2022 11:24:23 AM</td>
										<td class='linked' test-id='12'>Computer Test.Verify that user should build you own computer and add them to cart successfully.Verify that user should build you own computer and add them to cart successfully</td>
										<td><span class='test-status pass'>pass</span></td>
									</tr>
									<tr>
										<td>Dec 20, 2022 11:24:30 AM</td>
										<td class='linked' test-id='24'>Computer Test.Verify that user should build you own computer and add them to cart successfully.Verify that user should build you own computer and add them to cart successfully</td>
										<td><span class='test-status pass'>pass</span></td>
									</tr>
									<tr>
										<td>Dec 20, 2022 11:24:37 AM</td>
										<td class='linked' test-id='36'>Computer Test.Verify that user should build you own computer and add them to cart successfully.Verify that user should build you own computer and add them to cart successfully</td>
										<td><span class='test-status pass'>pass</span></td>
									</tr>
									<tr>
										<td>Dec 20, 2022 11:24:42 AM</td>
										<td class='linked' test-id='48'>Login Test</td>
										<td><span class='test-status fail'>fail</span></td>
									</tr>
									<tr>
										<td>Dec 20, 2022 11:24:47 AM</td>
										<td class='linked' test-id='54'>Login Test.Verify the error message with invalid credentials.Verify the error message with invalid credentials</td>
										<td><span class='test-status pass'>pass</span></td>
									</tr>
									<tr>
										<td>Dec 20, 2022 11:24:51 AM</td>
										<td class='linked' test-id='61'>Login Test.Verify the error message with invalid credentials.Verify the error message with invalid credentials</td>
										<td><span class='test-status pass'>pass</span></td>
									</tr>
									<tr>
										<td>Dec 20, 2022 11:24:57 AM</td>
										<td class='linked' test-id='68'>Login Test.Verify the error message with invalid credentials.Verify the error message with invalid credentials</td>
										<td><span class='test-status pass'>pass</span></td>
									</tr>
									<tr>
										<td>Dec 20, 2022 11:26:12 AM</td>
										<td class='linked' test-id='89'>Login Test</td>
										<td><span class='test-status fail'>fail</span></td>
									</tr>
									<tr>
										<td>Dec 20, 2022 11:26:17 AM</td>
										<td class='linked' test-id='95'>Login Test.Verify that firstname lastname email password and confirm password fields are mandatory.Verify that firstname lastname email password and confirm password fields are mandatory</td>
										<td><span class='test-status fail'>fail</span></td>
									</tr>
									<tr>
										<td>Dec 20, 2022 11:26:21 AM</td>
										<td class='linked' test-id='100'>Login Test.Verify that firstname lastname email password and confirm password fields are mandatory.Verify that firstname lastname email password and confirm password fields are mandatory</td>
										<td><span class='test-status fail'>fail</span></td>
									</tr>
									<tr>
										<td>Dec 20, 2022 11:26:26 AM</td>
										<td class='linked' test-id='105'>Login Test.Verify that firstname lastname email password and confirm password fields are mandatory.Verify that firstname lastname email password and confirm password fields are mandatory</td>
										<td><span class='test-status fail'>fail</span></td>
									</tr>
									<tr>
										<td>Dec 20, 2022 11:26:30 AM</td>
										<td class='linked' test-id='110'>Login Test.Verify that firstname lastname email password and confirm password fields are mandatory.Verify that firstname lastname email password and confirm password fields are mandatory</td>
										<td><span class='test-status fail'>fail</span></td>
									</tr>
									<tr>
										<td>Dec 20, 2022 11:26:34 AM</td>
										<td class='linked' test-id='115'>Login Test.Verify that firstname lastname email password and confirm password fields are mandatory.Verify that firstname lastname email password and confirm password fields are mandatory</td>
										<td><span class='test-status fail'>fail</span></td>
									</tr>
									<tr>
										<td>Dec 20, 2022 11:26:38 AM</td>
										<td class='linked' test-id='121'>Login Test.User should create account successfully.User should create account successfully</td>
										<td><span class='test-status fail'>fail</span></td>
									</tr>
								</tbody>
							</table>
						</div>
					</div>
				</li>
				<li class='category displayed active'>
					<div class='category-heading'>
						<span class='category-name'>@Sanity</span>
						<span class='category-status right'>
							<span class='label pass'>1</span>
						</span>
					</div>
					<div class='category-content hide'>
						<div class='category-status-counts'>
							<span class='label green accent-4 white-text'>Passed: 1</span>
							
							
						</div>
					
						<div class='category-tests'>
							<table class='bordered table-results'>
								<thead>
									<tr>
										<th>Timestamp</th>
										<th>TestName</th>
										<th>Status</th>
									</tr>
								</thead>
								<tbody>
									<tr>
										<td>Dec 20, 2022 11:24:19 AM</td>
										<td class='linked' test-id='6'>Computer Test.Verify user should navigate to desktop page successfully</td>
										<td><span class='test-status pass'>pass</span></td>
									</tr>
								</tbody>
							</table>
						</div>
					</div>
				</li>
				<li class='category displayed active'>
					<div class='category-heading'>
						<span class='category-name'>@smoke</span>
						<span class='category-status right'>
							<span class='label pass'>1</span>
							<span class='label fail'>1</span>
						</span>
					</div>
					<div class='category-content hide'>
						<div class='category-status-counts'>
							<span class='label green accent-4 white-text'>Passed: 1</span>
							<span class='label red lighten-1 white-text'>Failed: 1</span>
							
						</div>
					
						<div class='category-tests'>
							<table class='bordered table-results'>
								<thead>
									<tr>
										<th>Timestamp</th>
										<th>TestName</th>
										<th>Status</th>
									</tr>
								</thead>
								<tbody>
									<tr>
										<td>Dec 20, 2022 11:24:42 AM</td>
										<td class='linked' test-id='49'>Login Test.User should navigate to login page successfully</td>
										<td><span class='test-status pass'>pass</span></td>
									</tr>
									<tr>
										<td>Dec 20, 2022 11:26:12 AM</td>
										<td class='linked' test-id='90'>Login Test.User should navigate to register page successfully</td>
										<td><span class='test-status fail'>fail</span></td>
									</tr>
								</tbody>
							</table>
						</div>
					</div>
				</li>
				<li class='category displayed active'>
					<div class='category-heading'>
						<span class='category-name'>@sanity</span>
						<span class='category-status right'>
							<span class='label pass'>3</span>
							<span class='label fail'>5</span>
						</span>
					</div>
					<div class='category-content hide'>
						<div class='category-status-counts'>
							<span class='label green accent-4 white-text'>Passed: 3</span>
							<span class='label red lighten-1 white-text'>Failed: 5</span>
							
						</div>
					
						<div class='category-tests'>
							<table class='bordered table-results'>
								<thead>
									<tr>
										<th>Timestamp</th>
										<th>TestName</th>
										<th>Status</th>
									</tr>
								</thead>
								<tbody>
									<tr>
										<td>Dec 20, 2022 11:24:47 AM</td>
										<td class='linked' test-id='54'>Login Test.Verify the error message with invalid credentials.Verify the error message with invalid credentials</td>
										<td><span class='test-status pass'>pass</span></td>
									</tr>
									<tr>
										<td>Dec 20, 2022 11:24:51 AM</td>
										<td class='linked' test-id='61'>Login Test.Verify the error message with invalid credentials.Verify the error message with invalid credentials</td>
										<td><span class='test-status pass'>pass</span></td>
									</tr>
									<tr>
										<td>Dec 20, 2022 11:24:57 AM</td>
										<td class='linked' test-id='68'>Login Test.Verify the error message with invalid credentials.Verify the error message with invalid credentials</td>
										<td><span class='test-status pass'>pass</span></td>
									</tr>
									<tr>
										<td>Dec 20, 2022 11:26:17 AM</td>
										<td class='linked' test-id='95'>Login Test.Verify that firstname lastname email password and confirm password fields are mandatory.Verify that firstname lastname email password and confirm password fields are mandatory</td>
										<td><span class='test-status fail'>fail</span></td>
									</tr>
									<tr>
										<td>Dec 20, 2022 11:26:21 AM</td>
										<td class='linked' test-id='100'>Login Test.Verify that firstname lastname email password and confirm password fields are mandatory.Verify that firstname lastname email password and confirm password fields are mandatory</td>
										<td><span class='test-status fail'>fail</span></td>
									</tr>
									<tr>
										<td>Dec 20, 2022 11:26:26 AM</td>
										<td class='linked' test-id='105'>Login Test.Verify that firstname lastname email password and confirm password fields are mandatory.Verify that firstname lastname email password and confirm password fields are mandatory</td>
										<td><span class='test-status fail'>fail</span></td>
									</tr>
									<tr>
										<td>Dec 20, 2022 11:26:30 AM</td>
										<td class='linked' test-id='110'>Login Test.Verify that firstname lastname email password and confirm password fields are mandatory.Verify that firstname lastname email password and confirm password fields are mandatory</td>
										<td><span class='test-status fail'>fail</span></td>
									</tr>
									<tr>
										<td>Dec 20, 2022 11:26:34 AM</td>
										<td class='linked' test-id='115'>Login Test.Verify that firstname lastname email password and confirm password fields are mandatory.Verify that firstname lastname email password and confirm password fields are mandatory</td>
										<td><span class='test-status fail'>fail</span></td>
									</tr>
								</tbody>
							</table>
						</div>
					</div>
				</li>

			</ul>
		</div>
	</div>

	<div class='subview-right left'>
		<div class='view-summary'>
			<h5 class='category-name'></h5>
		</div>
	</div>
</div>
<!-- category view -->
<div id='exception-view' class='view hide'>

    <section id='controls'>
        <div class='controls grey lighten-4'>
            <!-- search -->
            <div class='chip transparent' alt='Search Tests' title='Search Tests'>
                <a href="#" class='search-div'>
                    <i class='material-icons'>search</i> Search
                </a>

                <div class='input-field left hide'>
                    <input id='search-tests' type='text' class='validate browser-default' placeholder='Search Tests...'>
                </div>

            </div>
            <!-- search -->
        </div>
    </section>

    <div class='subview-left left'>

        <div class='view-summary'>
            <h5>Exceptions</h3>
                <ul id='exception-collection' class='exception-collection'>

                        <li class='exception displayed active'>
                            <div class='exception-heading'>
                                <span class='exception-name'>org.openqa.selenium.WebDriverException</span>
                                <span class='exception-count right'><span class='label red lighten-1 white-text'>1</span></span>
                            </div>
                            <div class='exception-content hide'>
                                <div class='exception-tests'>
                                    <table class='bordered table-results'>
                                        <thead>
                                        <tr>
                                            <th>Timestamp</th>
                                            <th>TestName</th>
                                            <th>Status</th>
                                        </tr>
                                        </thead>
                                        <tbody>
                                                    <tr>
                                                        <td>Dec 20, 2022 11:25:05 AM</td>
                                                        <td class='linked' test-id='81'>Login Test.User should login successfully with valid credentials.Then I should see logout link is display</td>
                                                        <td><pre><pre>org.openqa.selenium.WebDriverException: disconnected: unable to send message to renderer
  (failed to check if window was closed: disconnected: unable to connect to renderer)
  (Session info: chrome=108.0.5359.125)
Build info: version: '4.6.0', revision: '79f1c02ae20'
System info: os.name: 'Windows 10', os.arch: 'amd64', os.version: '10.0', java.version: '1.8.0_121'
Driver info: org.openqa.selenium.chrome.ChromeDriver
Command: [07b9582bd561fbb0b8ee151be58a3541, findElement {using=xpath, value=//a[normalize-space()='Log out']}]
Capabilities {acceptInsecureCerts: false, browserName: chrome, browserVersion: 108.0.5359.125, chrome: {chromedriverVersion: 108.0.5359.71 (1e0e3868ee06..., userDataDir: C:\Users\vagad\AppData\Loca...}, goog:chromeOptions: {debuggerAddress: localhost:59563}, networkConnectionEnabled: false, pageLoadStrategy: normal, platformName: WINDOWS, proxy: Proxy(), se:cdp: ws://localhost:59563/devtoo..., se:cdpVersion: 108.0.5359.125, setWindowRect: true, strictFileInteractability: false, timeouts: {implicit: 0, pageLoad: 300000, script: 30000}, unhandledPromptBehavior: dismiss and notify, webauthn:extension:credBlob: true, webauthn:extension:largeBlob: true, webauthn:virtualAuthenticators: true}
Session ID: 07b9582bd561fbb0b8ee151be58a3541
	at sun.reflect.NativeConstructorAccessorImpl.newInstance0(Native Method)
	at sun.reflect.NativeConstructorAccessorImpl.newInstance(NativeConstructorAccessorImpl.java:62)
	at sun.reflect.DelegatingConstructorAccessorImpl.newInstance(DelegatingConstructorAccessorImpl.java:45)
	at java.lang.reflect.Constructor.newInstance(Constructor.java:423)
	at org.openqa.selenium.remote.codec.w3c.W3CHttpResponseCodec.createException(W3CHttpResponseCodec.java:200)
	at org.openqa.selenium.remote.codec.w3c.W3CHttpResponseCodec.decode(W3CHttpResponseCodec.java:133)
	at org.openqa.selenium.remote.codec.w3c.W3CHttpResponseCodec.decode(W3CHttpResponseCodec.java:53)
	at org.openqa.selenium.remote.HttpCommandExecutor.execute(HttpCommandExecutor.java:184)
	at org.openqa.selenium.remote.service.DriverCommandExecutor.invokeExecute(DriverCommandExecutor.java:167)
	at org.openqa.selenium.remote.service.DriverCommandExecutor.execute(DriverCommandExecutor.java:142)
	at org.openqa.selenium.remote.RemoteWebDriver.execute(RemoteWebDriver.java:541)
	at org.openqa.selenium.remote.ElementLocation$ElementFinder$2.findElement(ElementLocation.java:162)
	at org.openqa.selenium.remote.ElementLocation.findElement(ElementLocation.java:60)
	at org.openqa.selenium.remote.RemoteWebDriver.findElement(RemoteWebDriver.java:365)
	at org.openqa.selenium.remote.RemoteWebDriver.findElement(RemoteWebDriver.java:357)
	at org.openqa.selenium.support.pagefactory.DefaultElementLocator.findElement(DefaultElementLocator.java:70)
	at org.openqa.selenium.support.pagefactory.internal.LocatingElementHandler.invoke(LocatingElementHandler.java:39)
	at com.sun.proxy.$Proxy23.isDisplayed(Unknown Source)
	at com.nopcommerce.demo.pages.HomePage.isLogOutLinkDisplay(HomePage.java:75)
	at com.nopcommerce.demo.cucumber.steps.LoginSteps.iShouldSeeLogoutLinkIsDisplay(LoginSteps.java:53)
	at ✽.Then I should see logout link is display(login.feature:32)
</pre></pre></td>
                                                    </tr>
                                        </tbody>
                                    </table>
                                </div>
                            </div>
                        </li>
                        <li class='exception displayed active'>
                            <div class='exception-heading'>
                                <span class='exception-name'>cucumber.runtime.CucumberException</span>
                                <span class='exception-count right'><span class='label red lighten-1 white-text'>1</span></span>
                            </div>
                            <div class='exception-content hide'>
                                <div class='exception-tests'>
                                    <table class='bordered table-results'>
                                        <thead>
                                        <tr>
                                            <th>Timestamp</th>
                                            <th>TestName</th>
                                            <th>Status</th>
                                        </tr>
                                        </thead>
                                        <tbody>
                                                    <tr>
                                                        <td>Dec 20, 2022 11:26:16 AM</td>
                                                        <td class='linked' test-id='93'>Login Test.User should navigate to register page successfully.Then I should see "Register" text</td>
                                                        <td><pre><pre>cucumber.runtime.CucumberException: Arity mismatch: Step Definition 'com.nopcommerce.demo.cucumber.steps.RegisterSteps.iShouldSeeText() in file:/C:/Users/vagad/IdeaProjects/com-nopcommerce-demo-cucumber-anisha/target/test-classes/' with pattern [^I should see "([^"]*)" text$] is declared with 0 parameters. However, the gherkin step has 1 arguments [Register]. 
Step: Then I should see "Register" text
	at cucumber.runtime.StepDefinitionMatch.arityMismatch(StepDefinitionMatch.java:102)
	at cucumber.runtime.StepDefinitionMatch.transformedArgs(StepDefinitionMatch.java:60)
	at cucumber.runtime.StepDefinitionMatch.runStep(StepDefinitionMatch.java:37)
	at cucumber.runtime.Runtime.runStep(Runtime.java:300)
	at cucumber.runtime.model.StepContainer.runStep(StepContainer.java:44)
	at cucumber.runtime.model.StepContainer.runSteps(StepContainer.java:39)
	at cucumber.runtime.model.CucumberScenario.run(CucumberScenario.java:44)
	at cucumber.runtime.junit.ExecutionUnitRunner.run(ExecutionUnitRunner.java:102)
	at cucumber.runtime.junit.FeatureRunner.runChild(FeatureRunner.java:63)
	at cucumber.runtime.junit.FeatureRunner.runChild(FeatureRunner.java:18)
	at org.junit.runners.ParentRunner$3.run(ParentRunner.java:238)
	at org.junit.runners.ParentRunner$1.schedule(ParentRunner.java:63)
	at org.junit.runners.ParentRunner.runChildren(ParentRunner.java:236)
	at org.junit.runners.ParentRunner.access$000(ParentRunner.java:53)
	at org.junit.runners.ParentRunner$2.evaluate(ParentRunner.java:229)
	at org.junit.runners.ParentRunner.run(ParentRunner.java:309)
	at cucumber.runtime.junit.FeatureRunner.run(FeatureRunner.java:70)
	at cucumber.api.junit.Cucumber.runChild(Cucumber.java:95)
	at cucumber.api.junit.Cucumber.runChild(Cucumber.java:38)
	at org.junit.runners.ParentRunner$3.run(ParentRunner.java:238)
	at org.junit.runners.ParentRunner$1.schedule(ParentRunner.java:63)
	at org.junit.runners.ParentRunner.runChildren(ParentRunner.java:236)
	at org.junit.runners.ParentRunner.access$000(ParentRunner.java:53)
	at org.junit.runners.ParentRunner$2.evaluate(ParentRunner.java:229)
	at org.junit.internal.runners.statements.RunAfters.evaluate(RunAfters.java:27)
	at org.junit.runners.ParentRunner.run(ParentRunner.java:309)
	at cucumber.api.junit.Cucumber.run(Cucumber.java:100)
	at org.junit.runner.JUnitCore.run(JUnitCore.java:160)
	at com.intellij.junit4.JUnit4IdeaTestRunner.startRunnerWithArgs(JUnit4IdeaTestRunner.java:69)
	at com.intellij.rt.junit.IdeaTestRunner$Repeater$1.execute(IdeaTestRunner.java:38)
	at com.intellij.rt.execution.junit.TestsRepeater.repeat(TestsRepeater.java:11)
	at com.intellij.rt.junit.IdeaTestRunner$Repeater.startRunnerWithArgs(IdeaTestRunner.java:35)
	at com.intellij.rt.junit.JUnitStarter.prepareStreamsAndStart(JUnitStarter.java:235)
	at com.intellij.rt.junit.JUnitStarter.main(JUnitStarter.java:54)
</pre></pre></td>
                                                    </tr>
                                        </tbody>
                                    </table>
                                </div>
                            </div>
                        </li>
                        <li class='exception displayed active'>
                            <div class='exception-heading'>
                                <span class='exception-name'>java.lang.AssertionError</span>
                                <span class='exception-count right'><span class='label red lighten-1 white-text'>5</span></span>
                            </div>
                            <div class='exception-content hide'>
                                <div class='exception-tests'>
                                    <table class='bordered table-results'>
                                        <thead>
                                        <tr>
                                            <th>Timestamp</th>
                                            <th>TestName</th>
                                            <th>Status</th>
                                        </tr>
                                        </thead>
                                        <tbody>
                                                    <tr>
                                                        <td>Dec 20, 2022 11:26:20 AM</td>
                                                        <td class='linked' test-id='99'>Login Test.Verify that firstname lastname email password and confirm password fields are mandatory.Verify that firstname lastname email password and confirm password fields are mandatory.Then I should see the error message "First name is required." for fieldName "FirstName"</td>
                                                        <td><pre><textarea>java.lang.AssertionError: error message is not displayed expected:<null> but was:<FirstName>
	at org.junit.Assert.fail(Assert.java:88)
	at org.junit.Assert.failNotEquals(Assert.java:743)
	at org.junit.Assert.assertEquals(Assert.java:118)
	at com.nopcommerce.demo.cucumber.steps.RegisterSteps.iShouldSeeTheErrorMessageForFieldName(RegisterSteps.java:33)
	at ✽.Then I should see the error message "First name is required." for fieldName "FirstName"(register.feature:16)
</textarea></pre></td>
                                                    </tr>
                                                    <tr>
                                                        <td>Dec 20, 2022 11:26:25 AM</td>
                                                        <td class='linked' test-id='104'>Login Test.Verify that firstname lastname email password and confirm password fields are mandatory.Verify that firstname lastname email password and confirm password fields are mandatory.Then I should see the error message "Last name is required." for fieldName "LastName"</td>
                                                        <td><pre><textarea>java.lang.AssertionError: error message is not displayed expected:<null> but was:<LastName>
	at org.junit.Assert.fail(Assert.java:88)
	at org.junit.Assert.failNotEquals(Assert.java:743)
	at org.junit.Assert.assertEquals(Assert.java:118)
	at com.nopcommerce.demo.cucumber.steps.RegisterSteps.iShouldSeeTheErrorMessageForFieldName(RegisterSteps.java:33)
	at ✽.Then I should see the error message "Last name is required." for fieldName "LastName"(register.feature:16)
</textarea></pre></td>
                                                    </tr>
                                                    <tr>
                                                        <td>Dec 20, 2022 11:26:29 AM</td>
                                                        <td class='linked' test-id='109'>Login Test.Verify that firstname lastname email password and confirm password fields are mandatory.Verify that firstname lastname email password and confirm password fields are mandatory.Then I should see the error message "Email is required." for fieldName "Email"</td>
                                                        <td><pre><textarea>java.lang.AssertionError: error message is not displayed expected:<null> but was:<Email>
	at org.junit.Assert.fail(Assert.java:88)
	at org.junit.Assert.failNotEquals(Assert.java:743)
	at org.junit.Assert.assertEquals(Assert.java:118)
	at com.nopcommerce.demo.cucumber.steps.RegisterSteps.iShouldSeeTheErrorMessageForFieldName(RegisterSteps.java:33)
	at ✽.Then I should see the error message "Email is required." for fieldName "Email"(register.feature:16)
</textarea></pre></td>
                                                    </tr>
                                                    <tr>
                                                        <td>Dec 20, 2022 11:26:33 AM</td>
                                                        <td class='linked' test-id='114'>Login Test.Verify that firstname lastname email password and confirm password fields are mandatory.Verify that firstname lastname email password and confirm password fields are mandatory.Then I should see the error message "Password is required." for fieldName "Password"</td>
                                                        <td><pre><textarea>java.lang.AssertionError: error message is not displayed expected:<null> but was:<Password>
	at org.junit.Assert.fail(Assert.java:88)
	at org.junit.Assert.failNotEquals(Assert.java:743)
	at org.junit.Assert.assertEquals(Assert.java:118)
	at com.nopcommerce.demo.cucumber.steps.RegisterSteps.iShouldSeeTheErrorMessageForFieldName(RegisterSteps.java:33)
	at ✽.Then I should see the error message "Password is required." for fieldName "Password"(register.feature:16)
</textarea></pre></td>
                                                    </tr>
                                                    <tr>
                                                        <td>Dec 20, 2022 11:26:37 AM</td>
                                                        <td class='linked' test-id='119'>Login Test.Verify that firstname lastname email password and confirm password fields are mandatory.Verify that firstname lastname email password and confirm password fields are mandatory.Then I should see the error message "Password is required." for fieldName "ConfirmPassword"</td>
                                                        <td><pre><textarea>java.lang.AssertionError: error message is not displayed expected:<null> but was:<ConfirmPassword>
	at org.junit.Assert.fail(Assert.java:88)
	at org.junit.Assert.failNotEquals(Assert.java:743)
	at org.junit.Assert.assertEquals(Assert.java:118)
	at com.nopcommerce.demo.cucumber.steps.RegisterSteps.iShouldSeeTheErrorMessageForFieldName(RegisterSteps.java:33)
	at ✽.Then I should see the error message "Password is required." for fieldName "ConfirmPassword"(register.feature:16)
</textarea></pre></td>
                                                    </tr>
                                        </tbody>
                                    </table>
                                </div>
                            </div>
                        </li>
                        <li class='exception displayed active'>
                            <div class='exception-heading'>
                                <span class='exception-name'>org.openqa.selenium.NoSuchElementException</span>
                                <span class='exception-count right'><span class='label red lighten-1 white-text'>1</span></span>
                            </div>
                            <div class='exception-content hide'>
                                <div class='exception-tests'>
                                    <table class='bordered table-results'>
                                        <thead>
                                        <tr>
                                            <th>Timestamp</th>
                                            <th>TestName</th>
                                            <th>Status</th>
                                        </tr>
                                        </thead>
                                        <tbody>
                                                    <tr>
                                                        <td>Dec 20, 2022 11:26:41 AM</td>
                                                        <td class='linked' test-id='127'>Login Test.User should create account successfully.User should create account successfully.And I select date of birth  "10""october""1990"</td>
                                                        <td><pre><pre>org.openqa.selenium.NoSuchElementException: Cannot locate option with text: october
For documentation on this error, please visit: https://selenium.dev/exceptions/#no_such_element
Build info: version: '4.6.0', revision: '79f1c02ae20'
System info: os.name: 'Windows 10', os.arch: 'amd64', os.version: '10.0', java.version: '1.8.0_121'
Driver info: driver.version: unknown
	at org.openqa.selenium.support.ui.Select.selectByVisibleText(Select.java:153)
	at com.nopcommerce.demo.utility.Utility.selectByVisibleTextFromDropDown(Utility.java:145)
	at com.nopcommerce.demo.pages.RegisterPage.selectDateOfBirth(RegisterPage.java:108)
	at com.nopcommerce.demo.cucumber.steps.RegisterSteps.iSelectDateOfBirth(RegisterSteps.java:59)
	at ✽.And I select date of birth  "10""october""1990"(register.feature:32)
</pre></pre></td>
                                                    </tr>
                                        </tbody>
                                    </table>
                                </div>
                            </div>
                        </li>
                </ul>
        </div>
    </div>

    <div class='subview-right left'>
        <div class='view-summary'>
            <h5 class='exception-name'></h5>
        </div>
    </div>
</div>
<!-- exception view -->
<div id='dashboard-view' class='view hide'>
	<div class='card-panel transparent np-v'>
		<h5>Dashboard</h5>

		<div class='row'>
			<div class='col s2'>
				<div class='card-panel r'>
					Features
					<div class='panel-lead'>3</div>
				</div>
			</div>
			<div class='col s2'>
				<div class='card-panel r'>
					Scenarios
					<div class='panel-lead'>18</div>
				</div>
			</div>
			<div class='col s2'>
				<div class='card-panel r'>
					Steps
					<div class='panel-lead'>107</div>
				</div>
			</div>
			<div class='col s2'>
				<div class='card-panel r'>
					Start
					<div class='panel-lead'>Dec 20, 2022 11:24:12 AM</div>
				</div>
			</div>
			<div class='col s2'>
				<div class='card-panel r'>
			 		End
			 		<div class='panel-lead'>Dec 20, 2022 11:27:02 AM</div>
				</div>
			</div>
			<div class='col s2'>
				<div class='card-panel r'>
					Time Taken
					<div class='panel-lead'>169,943ms</div>
				</div>
			</div>
			<div class='col s4'>
				<div class='card-panel dashboard-environment'>
					<span class='right label cyan white-text'>Environment</span><p>&nbsp;</p>
					
					<table>
						<tr>
							<th>Name</th>
							<th>Value</th>
						</tr>
							<tr>
								<td>User Name</td>
								<td>vagad</td>
							</tr>
							<tr>
								<td>Time Zone</td>
								<td>Europe/London</td>
							</tr>
							<tr>
								<td>Machine</td>
								<td>Windows 1064 Bit</td>
							</tr>
							<tr>
								<td>Selenium</td>
								<td>3.141.59</td>
							</tr>
							<tr>
								<td>Maven</td>
								<td>3.5.9</td>
							</tr>
							<tr>
								<td>Java Version</td>
								<td>1.8.0_151</td>
							</tr>
					</table>
				</div>
			</div>
			<div class='col s6'>
				<div class='card-panel dashboard-categories'>
					<span class='right label cyan white-text'>Categories</span><p>&nbsp;</p>
					
					<table>
						<tr>
							<th>Name</th>
							<th>Passed</th>
							<th>Failed</th>
							<th>Others</th>
							<th>Passed %</th>
						</tr>
						<tr>
							<td>@regression</td>
							<td>7</td>
							<td>8</td>
							<td>0</td>
							<td>
									46.667%
							</td>
						</tr>
						<tr>
							<td>@Sanity</td>
							<td>1</td>
							<td>0</td>
							<td>0</td>
							<td>
									100%
							</td>
						</tr>
						<tr>
							<td>@smoke</td>
							<td>1</td>
							<td>1</td>
							<td>0</td>
							<td>
									50%
							</td>
						</tr>
						<tr>
							<td>@sanity</td>
							<td>3</td>
							<td>5</td>
							<td>0</td>
							<td>
									37.5%
							</td>
						</tr>
					</table>
				</div>
			</div>
		</div>
	</div>
</div>
<!-- dashboard view -->
<!-- testrunner-logs view -->
		</div>
		<!-- container -->

		<script>
			var statusGroup = {
				passParent: 1,
				failParent: 2,
				fatalParent: 0,
				errorParent: 0,
				warningParent: 0,
				skipParent: 0,
				exceptionsParent: 2,
				
				passChild: 10,
				failChild: 8,
				fatalChild: 0,
				errorChild: 0,
				warningChild: 0,
				skipChild: 0,
				infoChild: 0,
				exceptionsChild: 8,
				
				passGrandChild: 94,
				failGrandChild: 8,
				fatalGrandChild: 0,
				errorGrandChild: 0,
				warningGrandChild: 0,
				skipGrandChild: 5,
				infoGrandChild: 0,
				exceptionsGrandChild: 13,
			};
		</script>
		
			<script src='https://cdn.rawgit.com/anshooarora/extentreports-java/fca20fb7653aade98810546ab96a2a4360e3e712/dist/js/extent.js' type='text/javascript'></script>
		
		
 		<script type='text/javascript'>
 			
            
        $(document).ready(function() {

        });
      
        
 		</script>
	</body>
	
</html>
